# Logfile created on 2013-07-17 22:33:43 -0500 by logger.rb/1.2.8
unable to get an API token: bad URI(is not URI?): dominategaming.<%= ENV['DEFAULT_DOMAIN'] %>.com:8080/locomotive/api
[Locomotive::Mounter::Models::ContentField] setting an unknown attribute 'unique' with the value 'true'
[Locomotive::Mounter::Models::ContentField] setting an unknown attribute 'unique' with the value 'true'
[Locomotive::Mounter::Models::ContentField] setting an unknown attribute 'unique' with the value 'true'
[Locomotive::Mounter::Models::ContentField] setting an unknown attribute 'unique' with the value 'true'
	/Users/johnepperson/.rbenv/versions/1.9.3-p392/lib/ruby/gems/1.9.1/gems/locomotivecms_mounter-1.2.0/lib/locomotive/mounter/fields.rb:52:in `block in write_attributes'
	/Users/johnepperson/.rbenv/versions/1.9.3-p392/lib/ruby/gems/1.9.1/gems/locomotivecms_mounter-1.2.0/lib/locomotive/mounter/fields.rb:49:in `each'
	/Users/johnepperson/.rbenv/versions/1.9.3-p392/lib/ruby/gems/1.9.1/gems/locomotivecms_mounter-1.2.0/lib/locomotive/mounter/fields.rb:49:in `write_attributes'
	/Users/johnepperson/.rbenv/versions/1.9.3-p392/lib/ruby/gems/1.9.1/gems/locomotivecms_mounter-1.2.0/lib/locomotive/mounter/fields.rb:36:in `block in initialize'
	/Users/johnepperson/.rbenv/versions/1.9.3-p392/lib/ruby/gems/1.9.1/gems/activesupport-3.2.13/lib/active_support/callbacks.rb:403:in `_run__3983288060045631221__initialize__64627216245133955__callbacks'
	/Users/johnepperson/.rbenv/versions/1.9.3-p392/lib/ruby/gems/1.9.1/gems/activesupport-3.2.13/lib/active_support/callbacks.rb:405:in `__run_callback'
	/Users/johnepperson/.rbenv/versions/1.9.3-p392/lib/ruby/gems/1.9.1/gems/activesupport-3.2.13/lib/active_support/callbacks.rb:385:in `_run_initialize_callbacks'
	/Users/johnepperson/.rbenv/versions/1.9.3-p392/lib/ruby/gems/1.9.1/gems/activesupport-3.2.13/lib/active_support/callbacks.rb:81:in `run_callbacks'
	/Users/johnepperson/.rbenv/versions/1.9.3-p392/lib/ruby/gems/1.9.1/gems/locomotivecms_mounter-1.2.0/lib/locomotive/mounter/fields.rb:23:in `initialize'
	/Users/johnepperson/.rbenv/versions/1.9.3-p392/lib/ruby/gems/1.9.1/gems/locomotivecms_mounter-1.2.0/lib/locomotive/mounter/models/base.rb:16:in `initialize'
	/Users/johnepperson/.rbenv/versions/1.9.3-p392/lib/ruby/gems/1.9.1/gems/locomotivecms_mounter-1.2.0/lib/locomotive/mounter/fields.rb:192:in `new'
	/Users/johnepperson/.rbenv/versions/1.9.3-p392/lib/ruby/gems/1.9.1/gems/locomotivecms_mounter-1.2.0/lib/locomotive/mounter/fields.rb:192:in `block in setter'
	/Users/johnepperson/.rbenv/versions/1.9.3-p392/lib/ruby/gems/1.9.1/gems/locomotivecms_mounter-1.2.0/lib/locomotive/mounter/fields.rb:192:in `map'
	/Users/johnepperson/.rbenv/versions/1.9.3-p392/lib/ruby/gems/1.9.1/gems/locomotivecms_mounter-1.2.0/lib/locomotive/mounter/fields.rb:192:in `setter'
	(eval):6:in `fields='
	/Users/johnepperson/.rbenv/versions/1.9.3-p392/lib/ruby/gems/1.9.1/gems/locomotivecms_mounter-1.2.0/lib/locomotive/mounter/fields.rb:58:in `block in write_attributes'
	/Users/johnepperson/.rbenv/versions/1.9.3-p392/lib/ruby/gems/1.9.1/gems/locomotivecms_mounter-1.2.0/lib/locomotive/mounter/fields.rb:49:in `each'
	/Users/johnepperson/.rbenv/versions/1.9.3-p392/lib/ruby/gems/1.9.1/gems/locomotivecms_mounter-1.2.0/lib/locomotive/mounter/fields.rb:49:in `write_attributes'
	/Users/johnepperson/.rbenv/versions/1.9.3-p392/lib/ruby/gems/1.9.1/gems/locomotivecms_mounter-1.2.0/lib/locomotive/mounter/fields.rb:36:in `block in initialize'
	/Users/johnepperson/.rbenv/versions/1.9.3-p392/lib/ruby/gems/1.9.1/gems/activesupport-3.2.13/lib/active_support/callbacks.rb:403:in `_run__1042515756148761463__initialize__64627216245133955__callbacks'
	/Users/johnepperson/.rbenv/versions/1.9.3-p392/lib/ruby/gems/1.9.1/gems/activesupport-3.2.13/lib/active_support/callbacks.rb:405:in `__run_callback'
	/Users/johnepperson/.rbenv/versions/1.9.3-p392/lib/ruby/gems/1.9.1/gems/activesupport-3.2.13/lib/active_support/callbacks.rb:385:in `_run_initialize_callbacks'
	/Users/johnepperson/.rbenv/versions/1.9.3-p392/lib/ruby/gems/1.9.1/gems/activesupport-3.2.13/lib/active_support/callbacks.rb:81:in `run_callbacks'
	/Users/johnepperson/.rbenv/versions/1.9.3-p392/lib/ruby/gems/1.9.1/gems/locomotivecms_mounter-1.2.0/lib/locomotive/mounter/fields.rb:23:in `initialize'
	/Users/johnepperson/.rbenv/versions/1.9.3-p392/lib/ruby/gems/1.9.1/gems/locomotivecms_mounter-1.2.0/lib/locomotive/mounter/models/base.rb:16:in `initialize'
	/Users/johnepperson/.rbenv/versions/1.9.3-p392/lib/ruby/gems/1.9.1/gems/locomotivecms_mounter-1.2.0/lib/locomotive/mounter/reader/file_system/content_types_reader.rb:53:in `new'
	/Users/johnepperson/.rbenv/versions/1.9.3-p392/lib/ruby/gems/1.9.1/gems/locomotivecms_mounter-1.2.0/lib/locomotive/mounter/reader/file_system/content_types_reader.rb:53:in `add'
	/Users/johnepperson/.rbenv/versions/1.9.3-p392/lib/ruby/gems/1.9.1/gems/locomotivecms_mounter-1.2.0/lib/locomotive/mounter/reader/file_system/content_types_reader.rb:24:in `block in fetch_from_filesystem'
	/Users/johnepperson/.rbenv/versions/1.9.3-p392/lib/ruby/gems/1.9.1/gems/locomotivecms_mounter-1.2.0/lib/locomotive/mounter/reader/file_system/content_types_reader.rb:21:in `each'
	/Users/johnepperson/.rbenv/versions/1.9.3-p392/lib/ruby/gems/1.9.1/gems/locomotivecms_mounter-1.2.0/lib/locomotive/mounter/reader/file_system/content_types_reader.rb:21:in `fetch_from_filesystem'
	/Users/johnepperson/.rbenv/versions/1.9.3-p392/lib/ruby/gems/1.9.1/gems/locomotivecms_mounter-1.2.0/lib/locomotive/mounter/reader/file_system/content_types_reader.rb:13:in `read'
	/Users/johnepperson/.rbenv/versions/1.9.3-p392/lib/ruby/gems/1.9.1/gems/locomotivecms_mounter-1.2.0/lib/locomotive/mounter/reader/runner.rb:76:in `block (2 levels) in build_mounting_point'
	/Users/johnepperson/.rbenv/versions/1.9.3-p392/lib/ruby/gems/1.9.1/gems/locomotivecms_mounter-1.2.0/lib/locomotive/mounter/reader/runner.rb:73:in `each'
	/Users/johnepperson/.rbenv/versions/1.9.3-p392/lib/ruby/gems/1.9.1/gems/locomotivecms_mounter-1.2.0/lib/locomotive/mounter/reader/runner.rb:73:in `block in build_mounting_point'
	/Users/johnepperson/.rbenv/versions/1.9.3-p392/lib/ruby/gems/1.9.1/gems/locomotivecms_mounter-1.2.0/lib/locomotive/mounter/reader/runner.rb:70:in `tap'
	/Users/johnepperson/.rbenv/versions/1.9.3-p392/lib/ruby/gems/1.9.1/gems/locomotivecms_mounter-1.2.0/lib/locomotive/mounter/reader/runner.rb:70:in `build_mounting_point'
	/Users/johnepperson/.rbenv/versions/1.9.3-p392/lib/ruby/gems/1.9.1/gems/locomotivecms_mounter-1.2.0/lib/locomotive/mounter/reader/runner.rb:29:in `run!'
	/Users/johnepperson/.rbenv/versions/1.9.3-p392/lib/ruby/gems/1.9.1/gems/locomotivecms_wagon-1.2.0/lib/locomotive/wagon.rb:161:in `require_mounter'
	/Users/johnepperson/.rbenv/versions/1.9.3-p392/lib/ruby/gems/1.9.1/gems/locomotivecms_wagon-1.2.0/lib/locomotive/wagon.rb:59:in `push'
	/Users/johnepperson/.rbenv/versions/1.9.3-p392/lib/ruby/gems/1.9.1/gems/locomotivecms_wagon-1.2.0/lib/locomotive/wagon/cli.rb:192:in `push'
	/Users/johnepperson/.rbenv/versions/1.9.3-p392/lib/ruby/gems/1.9.1/gems/thor-0.18.1/lib/thor/command.rb:27:in `run'
	/Users/johnepperson/.rbenv/versions/1.9.3-p392/lib/ruby/gems/1.9.1/gems/thor-0.18.1/lib/thor/invocation.rb:120:in `invoke_command'
	/Users/johnepperson/.rbenv/versions/1.9.3-p392/lib/ruby/gems/1.9.1/gems/thor-0.18.1/lib/thor.rb:363:in `dispatch'
	/Users/johnepperson/.rbenv/versions/1.9.3-p392/lib/ruby/gems/1.9.1/gems/thor-0.18.1/lib/thor/base.rb:439:in `start'
	/Users/johnepperson/.rbenv/versions/1.9.3-p392/lib/ruby/gems/1.9.1/gems/locomotivecms_wagon-1.2.0/bin/wagon:9:in `<top (required)>'
	/Users/johnepperson/.rbenv/versions/1.9.3-p392/bin/wagon:23:in `load'
	/Users/johnepperson/.rbenv/versions/1.9.3-p392/bin/wagon:23:in `<main>'


[Locomotive::Mounter::Models::ContentField] setting an unknown attribute 'unique' with the value 'true'
[Locomotive::Mounter::Models::ContentField] setting an unknown attribute 'unique' with the value 'true'
	/Users/johnepperson/.rbenv/versions/1.9.3-p392/lib/ruby/gems/1.9.1/gems/locomotivecms_mounter-1.2.0/lib/locomotive/mounter/fields.rb:52:in `block in write_attributes'
	/Users/johnepperson/.rbenv/versions/1.9.3-p392/lib/ruby/gems/1.9.1/gems/locomotivecms_mounter-1.2.0/lib/locomotive/mounter/fields.rb:49:in `each'
	/Users/johnepperson/.rbenv/versions/1.9.3-p392/lib/ruby/gems/1.9.1/gems/locomotivecms_mounter-1.2.0/lib/locomotive/mounter/fields.rb:49:in `write_attributes'
	/Users/johnepperson/.rbenv/versions/1.9.3-p392/lib/ruby/gems/1.9.1/gems/locomotivecms_mounter-1.2.0/lib/locomotive/mounter/fields.rb:36:in `block in initialize'
	/Users/johnepperson/.rbenv/versions/1.9.3-p392/lib/ruby/gems/1.9.1/gems/activesupport-3.2.13/lib/active_support/callbacks.rb:403:in `_run__474900762960556809__initialize__636047856205782118__callbacks'
	/Users/johnepperson/.rbenv/versions/1.9.3-p392/lib/ruby/gems/1.9.1/gems/activesupport-3.2.13/lib/active_support/callbacks.rb:405:in `__run_callback'
	/Users/johnepperson/.rbenv/versions/1.9.3-p392/lib/ruby/gems/1.9.1/gems/activesupport-3.2.13/lib/active_support/callbacks.rb:385:in `_run_initialize_callbacks'
	/Users/johnepperson/.rbenv/versions/1.9.3-p392/lib/ruby/gems/1.9.1/gems/activesupport-3.2.13/lib/active_support/callbacks.rb:81:in `run_callbacks'
	/Users/johnepperson/.rbenv/versions/1.9.3-p392/lib/ruby/gems/1.9.1/gems/locomotivecms_mounter-1.2.0/lib/locomotive/mounter/fields.rb:23:in `initialize'
	/Users/johnepperson/.rbenv/versions/1.9.3-p392/lib/ruby/gems/1.9.1/gems/locomotivecms_mounter-1.2.0/lib/locomotive/mounter/models/base.rb:16:in `initialize'
	/Users/johnepperson/.rbenv/versions/1.9.3-p392/lib/ruby/gems/1.9.1/gems/locomotivecms_mounter-1.2.0/lib/locomotive/mounter/fields.rb:192:in `new'
	/Users/johnepperson/.rbenv/versions/1.9.3-p392/lib/ruby/gems/1.9.1/gems/locomotivecms_mounter-1.2.0/lib/locomotive/mounter/fields.rb:192:in `block in setter'
	/Users/johnepperson/.rbenv/versions/1.9.3-p392/lib/ruby/gems/1.9.1/gems/locomotivecms_mounter-1.2.0/lib/locomotive/mounter/fields.rb:192:in `map'
	/Users/johnepperson/.rbenv/versions/1.9.3-p392/lib/ruby/gems/1.9.1/gems/locomotivecms_mounter-1.2.0/lib/locomotive/mounter/fields.rb:192:in `setter'
	(eval):6:in `fields='
	/Users/johnepperson/.rbenv/versions/1.9.3-p392/lib/ruby/gems/1.9.1/gems/locomotivecms_mounter-1.2.0/lib/locomotive/mounter/fields.rb:58:in `block in write_attributes'
	/Users/johnepperson/.rbenv/versions/1.9.3-p392/lib/ruby/gems/1.9.1/gems/locomotivecms_mounter-1.2.0/lib/locomotive/mounter/fields.rb:49:in `each'
	/Users/johnepperson/.rbenv/versions/1.9.3-p392/lib/ruby/gems/1.9.1/gems/locomotivecms_mounter-1.2.0/lib/locomotive/mounter/fields.rb:49:in `write_attributes'
	/Users/johnepperson/.rbenv/versions/1.9.3-p392/lib/ruby/gems/1.9.1/gems/locomotivecms_mounter-1.2.0/lib/locomotive/mounter/fields.rb:36:in `block in initialize'
	/Users/johnepperson/.rbenv/versions/1.9.3-p392/lib/ruby/gems/1.9.1/gems/activesupport-3.2.13/lib/active_support/callbacks.rb:403:in `_run__2528964085161286982__initialize__636047856205782118__callbacks'
	/Users/johnepperson/.rbenv/versions/1.9.3-p392/lib/ruby/gems/1.9.1/gems/activesupport-3.2.13/lib/active_support/callbacks.rb:405:in `__run_callback'
	/Users/johnepperson/.rbenv/versions/1.9.3-p392/lib/ruby/gems/1.9.1/gems/activesupport-3.2.13/lib/active_support/callbacks.rb:385:in `_run_initialize_callbacks'
	/Users/johnepperson/.rbenv/versions/1.9.3-p392/lib/ruby/gems/1.9.1/gems/activesupport-3.2.13/lib/active_support/callbacks.rb:81:in `run_callbacks'
	/Users/johnepperson/.rbenv/versions/1.9.3-p392/lib/ruby/gems/1.9.1/gems/locomotivecms_mounter-1.2.0/lib/locomotive/mounter/fields.rb:23:in `initialize'
	/Users/johnepperson/.rbenv/versions/1.9.3-p392/lib/ruby/gems/1.9.1/gems/locomotivecms_mounter-1.2.0/lib/locomotive/mounter/models/base.rb:16:in `initialize'
	/Users/johnepperson/.rbenv/versions/1.9.3-p392/lib/ruby/gems/1.9.1/gems/locomotivecms_mounter-1.2.0/lib/locomotive/mounter/reader/file_system/content_types_reader.rb:53:in `new'
	/Users/johnepperson/.rbenv/versions/1.9.3-p392/lib/ruby/gems/1.9.1/gems/locomotivecms_mounter-1.2.0/lib/locomotive/mounter/reader/file_system/content_types_reader.rb:53:in `add'
	/Users/johnepperson/.rbenv/versions/1.9.3-p392/lib/ruby/gems/1.9.1/gems/locomotivecms_mounter-1.2.0/lib/locomotive/mounter/reader/file_system/content_types_reader.rb:24:in `block in fetch_from_filesystem'
	/Users/johnepperson/.rbenv/versions/1.9.3-p392/lib/ruby/gems/1.9.1/gems/locomotivecms_mounter-1.2.0/lib/locomotive/mounter/reader/file_system/content_types_reader.rb:21:in `each'
	/Users/johnepperson/.rbenv/versions/1.9.3-p392/lib/ruby/gems/1.9.1/gems/locomotivecms_mounter-1.2.0/lib/locomotive/mounter/reader/file_system/content_types_reader.rb:21:in `fetch_from_filesystem'
	/Users/johnepperson/.rbenv/versions/1.9.3-p392/lib/ruby/gems/1.9.1/gems/locomotivecms_mounter-1.2.0/lib/locomotive/mounter/reader/file_system/content_types_reader.rb:13:in `read'
	/Users/johnepperson/.rbenv/versions/1.9.3-p392/lib/ruby/gems/1.9.1/gems/locomotivecms_mounter-1.2.0/lib/locomotive/mounter/reader/runner.rb:76:in `block (2 levels) in build_mounting_point'
	/Users/johnepperson/.rbenv/versions/1.9.3-p392/lib/ruby/gems/1.9.1/gems/locomotivecms_mounter-1.2.0/lib/locomotive/mounter/reader/runner.rb:73:in `each'
	/Users/johnepperson/.rbenv/versions/1.9.3-p392/lib/ruby/gems/1.9.1/gems/locomotivecms_mounter-1.2.0/lib/locomotive/mounter/reader/runner.rb:73:in `block in build_mounting_point'
	/Users/johnepperson/.rbenv/versions/1.9.3-p392/lib/ruby/gems/1.9.1/gems/locomotivecms_mounter-1.2.0/lib/locomotive/mounter/reader/runner.rb:70:in `tap'
	/Users/johnepperson/.rbenv/versions/1.9.3-p392/lib/ruby/gems/1.9.1/gems/locomotivecms_mounter-1.2.0/lib/locomotive/mounter/reader/runner.rb:70:in `build_mounting_point'
	/Users/johnepperson/.rbenv/versions/1.9.3-p392/lib/ruby/gems/1.9.1/gems/locomotivecms_mounter-1.2.0/lib/locomotive/mounter/reader/runner.rb:29:in `run!'
	/Users/johnepperson/.rbenv/versions/1.9.3-p392/lib/ruby/gems/1.9.1/bundler/gems/wagon-9e94da2d2c70/lib/locomotive/wagon.rb:161:in `require_mounter'
	/Users/johnepperson/.rbenv/versions/1.9.3-p392/lib/ruby/gems/1.9.1/bundler/gems/wagon-9e94da2d2c70/lib/locomotive/wagon.rb:59:in `push'
	/Users/johnepperson/.rbenv/versions/1.9.3-p392/lib/ruby/gems/1.9.1/bundler/gems/wagon-9e94da2d2c70/lib/locomotive/wagon/cli.rb:192:in `push'
	/Users/johnepperson/.rbenv/versions/1.9.3-p392/lib/ruby/gems/1.9.1/gems/thor-0.18.1/lib/thor/command.rb:27:in `run'
	/Users/johnepperson/.rbenv/versions/1.9.3-p392/lib/ruby/gems/1.9.1/gems/thor-0.18.1/lib/thor/invocation.rb:120:in `invoke_command'
	/Users/johnepperson/.rbenv/versions/1.9.3-p392/lib/ruby/gems/1.9.1/gems/thor-0.18.1/lib/thor.rb:363:in `dispatch'
	/Users/johnepperson/.rbenv/versions/1.9.3-p392/lib/ruby/gems/1.9.1/gems/thor-0.18.1/lib/thor/base.rb:439:in `start'
	/Users/johnepperson/.rbenv/versions/1.9.3-p392/lib/ruby/gems/1.9.1/bundler/gems/wagon-9e94da2d2c70/bin/wagon:9:in `<top (required)>'
	/Users/johnepperson/.rbenv/versions/1.9.3-p392/lib/ruby/gems/1.9.1/bin/wagon:23:in `load'
	/Users/johnepperson/.rbenv/versions/1.9.3-p392/lib/ruby/gems/1.9.1/bin/wagon:23:in `<main>'


[Locomotive::Mounter::Models::ContentField] setting an unknown attribute 'unique' with the value 'true'
[Locomotive::Mounter::Models::ContentField] setting an unknown attribute 'unique' with the value 'true'
	/Users/johnepperson/.rbenv/versions/1.9.3-p392/lib/ruby/gems/1.9.1/gems/locomotivecms_mounter-1.2.0/lib/locomotive/mounter/fields.rb:52:in `block in write_attributes'
	/Users/johnepperson/.rbenv/versions/1.9.3-p392/lib/ruby/gems/1.9.1/gems/locomotivecms_mounter-1.2.0/lib/locomotive/mounter/fields.rb:49:in `each'
	/Users/johnepperson/.rbenv/versions/1.9.3-p392/lib/ruby/gems/1.9.1/gems/locomotivecms_mounter-1.2.0/lib/locomotive/mounter/fields.rb:49:in `write_attributes'
	/Users/johnepperson/.rbenv/versions/1.9.3-p392/lib/ruby/gems/1.9.1/gems/locomotivecms_mounter-1.2.0/lib/locomotive/mounter/fields.rb:36:in `block in initialize'
	/Users/johnepperson/.rbenv/versions/1.9.3-p392/lib/ruby/gems/1.9.1/gems/activesupport-3.2.13/lib/active_support/callbacks.rb:403:in `_run__1741076952511351084__initialize__2186399335515576733__callbacks'
	/Users/johnepperson/.rbenv/versions/1.9.3-p392/lib/ruby/gems/1.9.1/gems/activesupport-3.2.13/lib/active_support/callbacks.rb:405:in `__run_callback'
	/Users/johnepperson/.rbenv/versions/1.9.3-p392/lib/ruby/gems/1.9.1/gems/activesupport-3.2.13/lib/active_support/callbacks.rb:385:in `_run_initialize_callbacks'
	/Users/johnepperson/.rbenv/versions/1.9.3-p392/lib/ruby/gems/1.9.1/gems/activesupport-3.2.13/lib/active_support/callbacks.rb:81:in `run_callbacks'
	/Users/johnepperson/.rbenv/versions/1.9.3-p392/lib/ruby/gems/1.9.1/gems/locomotivecms_mounter-1.2.0/lib/locomotive/mounter/fields.rb:23:in `initialize'
	/Users/johnepperson/.rbenv/versions/1.9.3-p392/lib/ruby/gems/1.9.1/gems/locomotivecms_mounter-1.2.0/lib/locomotive/mounter/models/base.rb:16:in `initialize'
	/Users/johnepperson/.rbenv/versions/1.9.3-p392/lib/ruby/gems/1.9.1/gems/locomotivecms_mounter-1.2.0/lib/locomotive/mounter/fields.rb:192:in `new'
	/Users/johnepperson/.rbenv/versions/1.9.3-p392/lib/ruby/gems/1.9.1/gems/locomotivecms_mounter-1.2.0/lib/locomotive/mounter/fields.rb:192:in `block in setter'
	/Users/johnepperson/.rbenv/versions/1.9.3-p392/lib/ruby/gems/1.9.1/gems/locomotivecms_mounter-1.2.0/lib/locomotive/mounter/fields.rb:192:in `map'
	/Users/johnepperson/.rbenv/versions/1.9.3-p392/lib/ruby/gems/1.9.1/gems/locomotivecms_mounter-1.2.0/lib/locomotive/mounter/fields.rb:192:in `setter'
	(eval):6:in `fields='
	/Users/johnepperson/.rbenv/versions/1.9.3-p392/lib/ruby/gems/1.9.1/gems/locomotivecms_mounter-1.2.0/lib/locomotive/mounter/fields.rb:58:in `block in write_attributes'
	/Users/johnepperson/.rbenv/versions/1.9.3-p392/lib/ruby/gems/1.9.1/gems/locomotivecms_mounter-1.2.0/lib/locomotive/mounter/fields.rb:49:in `each'
	/Users/johnepperson/.rbenv/versions/1.9.3-p392/lib/ruby/gems/1.9.1/gems/locomotivecms_mounter-1.2.0/lib/locomotive/mounter/fields.rb:49:in `write_attributes'
	/Users/johnepperson/.rbenv/versions/1.9.3-p392/lib/ruby/gems/1.9.1/gems/locomotivecms_mounter-1.2.0/lib/locomotive/mounter/fields.rb:36:in `block in initialize'
	/Users/johnepperson/.rbenv/versions/1.9.3-p392/lib/ruby/gems/1.9.1/gems/activesupport-3.2.13/lib/active_support/callbacks.rb:403:in `_run__2651930410969684714__initialize__2186399335515576733__callbacks'
	/Users/johnepperson/.rbenv/versions/1.9.3-p392/lib/ruby/gems/1.9.1/gems/activesupport-3.2.13/lib/active_support/callbacks.rb:405:in `__run_callback'
	/Users/johnepperson/.rbenv/versions/1.9.3-p392/lib/ruby/gems/1.9.1/gems/activesupport-3.2.13/lib/active_support/callbacks.rb:385:in `_run_initialize_callbacks'
	/Users/johnepperson/.rbenv/versions/1.9.3-p392/lib/ruby/gems/1.9.1/gems/activesupport-3.2.13/lib/active_support/callbacks.rb:81:in `run_callbacks'
	/Users/johnepperson/.rbenv/versions/1.9.3-p392/lib/ruby/gems/1.9.1/gems/locomotivecms_mounter-1.2.0/lib/locomotive/mounter/fields.rb:23:in `initialize'
	/Users/johnepperson/.rbenv/versions/1.9.3-p392/lib/ruby/gems/1.9.1/gems/locomotivecms_mounter-1.2.0/lib/locomotive/mounter/models/base.rb:16:in `initialize'
	/Users/johnepperson/.rbenv/versions/1.9.3-p392/lib/ruby/gems/1.9.1/gems/locomotivecms_mounter-1.2.0/lib/locomotive/mounter/reader/file_system/content_types_reader.rb:53:in `new'
	/Users/johnepperson/.rbenv/versions/1.9.3-p392/lib/ruby/gems/1.9.1/gems/locomotivecms_mounter-1.2.0/lib/locomotive/mounter/reader/file_system/content_types_reader.rb:53:in `add'
	/Users/johnepperson/.rbenv/versions/1.9.3-p392/lib/ruby/gems/1.9.1/gems/locomotivecms_mounter-1.2.0/lib/locomotive/mounter/reader/file_system/content_types_reader.rb:24:in `block in fetch_from_filesystem'
	/Users/johnepperson/.rbenv/versions/1.9.3-p392/lib/ruby/gems/1.9.1/gems/locomotivecms_mounter-1.2.0/lib/locomotive/mounter/reader/file_system/content_types_reader.rb:21:in `each'
	/Users/johnepperson/.rbenv/versions/1.9.3-p392/lib/ruby/gems/1.9.1/gems/locomotivecms_mounter-1.2.0/lib/locomotive/mounter/reader/file_system/content_types_reader.rb:21:in `fetch_from_filesystem'
	/Users/johnepperson/.rbenv/versions/1.9.3-p392/lib/ruby/gems/1.9.1/gems/locomotivecms_mounter-1.2.0/lib/locomotive/mounter/reader/file_system/content_types_reader.rb:13:in `read'
	/Users/johnepperson/.rbenv/versions/1.9.3-p392/lib/ruby/gems/1.9.1/gems/locomotivecms_mounter-1.2.0/lib/locomotive/mounter/reader/runner.rb:76:in `block (2 levels) in build_mounting_point'
	/Users/johnepperson/.rbenv/versions/1.9.3-p392/lib/ruby/gems/1.9.1/gems/locomotivecms_mounter-1.2.0/lib/locomotive/mounter/reader/runner.rb:73:in `each'
	/Users/johnepperson/.rbenv/versions/1.9.3-p392/lib/ruby/gems/1.9.1/gems/locomotivecms_mounter-1.2.0/lib/locomotive/mounter/reader/runner.rb:73:in `block in build_mounting_point'
	/Users/johnepperson/.rbenv/versions/1.9.3-p392/lib/ruby/gems/1.9.1/gems/locomotivecms_mounter-1.2.0/lib/locomotive/mounter/reader/runner.rb:70:in `tap'
	/Users/johnepperson/.rbenv/versions/1.9.3-p392/lib/ruby/gems/1.9.1/gems/locomotivecms_mounter-1.2.0/lib/locomotive/mounter/reader/runner.rb:70:in `build_mounting_point'
	/Users/johnepperson/.rbenv/versions/1.9.3-p392/lib/ruby/gems/1.9.1/gems/locomotivecms_mounter-1.2.0/lib/locomotive/mounter/reader/runner.rb:29:in `run!'
	/Users/johnepperson/.rbenv/versions/1.9.3-p392/lib/ruby/gems/1.9.1/bundler/gems/wagon-9e94da2d2c70/lib/locomotive/wagon.rb:161:in `require_mounter'
	/Users/johnepperson/.rbenv/versions/1.9.3-p392/lib/ruby/gems/1.9.1/bundler/gems/wagon-9e94da2d2c70/lib/locomotive/wagon.rb:59:in `push'
	/Users/johnepperson/.rbenv/versions/1.9.3-p392/lib/ruby/gems/1.9.1/bundler/gems/wagon-9e94da2d2c70/lib/locomotive/wagon/cli.rb:192:in `push'
	/Users/johnepperson/.rbenv/versions/1.9.3-p392/lib/ruby/gems/1.9.1/gems/thor-0.18.1/lib/thor/command.rb:27:in `run'
	/Users/johnepperson/.rbenv/versions/1.9.3-p392/lib/ruby/gems/1.9.1/gems/thor-0.18.1/lib/thor/invocation.rb:120:in `invoke_command'
	/Users/johnepperson/.rbenv/versions/1.9.3-p392/lib/ruby/gems/1.9.1/gems/thor-0.18.1/lib/thor.rb:363:in `dispatch'
	/Users/johnepperson/.rbenv/versions/1.9.3-p392/lib/ruby/gems/1.9.1/gems/thor-0.18.1/lib/thor/base.rb:439:in `start'
	/Users/johnepperson/.rbenv/versions/1.9.3-p392/lib/ruby/gems/1.9.1/bundler/gems/wagon-9e94da2d2c70/bin/wagon:9:in `<top (required)>'
	/Users/johnepperson/.rbenv/versions/1.9.3-p392/lib/ruby/gems/1.9.1/bin/wagon:23:in `load'
	/Users/johnepperson/.rbenv/versions/1.9.3-p392/lib/ruby/gems/1.9.1/bin/wagon:23:in `<main>'


[Locomotive::Mounter::Models::ContentField] setting an unknown attribute 'unique' with the value 'true'
[Locomotive::Mounter::Models::ContentField] setting an unknown attribute 'unique' with the value 'true'
	/Users/johnepperson/.rbenv/versions/1.9.3-p392/lib/ruby/gems/1.9.1/gems/locomotivecms_mounter-1.2.0/lib/locomotive/mounter/fields.rb:52:in `block in write_attributes'
	/Users/johnepperson/.rbenv/versions/1.9.3-p392/lib/ruby/gems/1.9.1/gems/locomotivecms_mounter-1.2.0/lib/locomotive/mounter/fields.rb:49:in `each'
	/Users/johnepperson/.rbenv/versions/1.9.3-p392/lib/ruby/gems/1.9.1/gems/locomotivecms_mounter-1.2.0/lib/locomotive/mounter/fields.rb:49:in `write_attributes'
	/Users/johnepperson/.rbenv/versions/1.9.3-p392/lib/ruby/gems/1.9.1/gems/locomotivecms_mounter-1.2.0/lib/locomotive/mounter/fields.rb:36:in `block in initialize'
	/Users/johnepperson/.rbenv/versions/1.9.3-p392/lib/ruby/gems/1.9.1/gems/activesupport-3.2.13/lib/active_support/callbacks.rb:403:in `_run__1103433645752091195__initialize__4384114035578190037__callbacks'
	/Users/johnepperson/.rbenv/versions/1.9.3-p392/lib/ruby/gems/1.9.1/gems/activesupport-3.2.13/lib/active_support/callbacks.rb:405:in `__run_callback'
	/Users/johnepperson/.rbenv/versions/1.9.3-p392/lib/ruby/gems/1.9.1/gems/activesupport-3.2.13/lib/active_support/callbacks.rb:385:in `_run_initialize_callbacks'
	/Users/johnepperson/.rbenv/versions/1.9.3-p392/lib/ruby/gems/1.9.1/gems/activesupport-3.2.13/lib/active_support/callbacks.rb:81:in `run_callbacks'
	/Users/johnepperson/.rbenv/versions/1.9.3-p392/lib/ruby/gems/1.9.1/gems/locomotivecms_mounter-1.2.0/lib/locomotive/mounter/fields.rb:23:in `initialize'
	/Users/johnepperson/.rbenv/versions/1.9.3-p392/lib/ruby/gems/1.9.1/gems/locomotivecms_mounter-1.2.0/lib/locomotive/mounter/models/base.rb:16:in `initialize'
	/Users/johnepperson/.rbenv/versions/1.9.3-p392/lib/ruby/gems/1.9.1/gems/locomotivecms_mounter-1.2.0/lib/locomotive/mounter/fields.rb:192:in `new'
	/Users/johnepperson/.rbenv/versions/1.9.3-p392/lib/ruby/gems/1.9.1/gems/locomotivecms_mounter-1.2.0/lib/locomotive/mounter/fields.rb:192:in `block in setter'
	/Users/johnepperson/.rbenv/versions/1.9.3-p392/lib/ruby/gems/1.9.1/gems/locomotivecms_mounter-1.2.0/lib/locomotive/mounter/fields.rb:192:in `map'
	/Users/johnepperson/.rbenv/versions/1.9.3-p392/lib/ruby/gems/1.9.1/gems/locomotivecms_mounter-1.2.0/lib/locomotive/mounter/fields.rb:192:in `setter'
	(eval):6:in `fields='
	/Users/johnepperson/.rbenv/versions/1.9.3-p392/lib/ruby/gems/1.9.1/gems/locomotivecms_mounter-1.2.0/lib/locomotive/mounter/fields.rb:58:in `block in write_attributes'
	/Users/johnepperson/.rbenv/versions/1.9.3-p392/lib/ruby/gems/1.9.1/gems/locomotivecms_mounter-1.2.0/lib/locomotive/mounter/fields.rb:49:in `each'
	/Users/johnepperson/.rbenv/versions/1.9.3-p392/lib/ruby/gems/1.9.1/gems/locomotivecms_mounter-1.2.0/lib/locomotive/mounter/fields.rb:49:in `write_attributes'
	/Users/johnepperson/.rbenv/versions/1.9.3-p392/lib/ruby/gems/1.9.1/gems/locomotivecms_mounter-1.2.0/lib/locomotive/mounter/fields.rb:36:in `block in initialize'
	/Users/johnepperson/.rbenv/versions/1.9.3-p392/lib/ruby/gems/1.9.1/gems/activesupport-3.2.13/lib/active_support/callbacks.rb:403:in `_run__958744910256701254__initialize__4384114035578190037__callbacks'
	/Users/johnepperson/.rbenv/versions/1.9.3-p392/lib/ruby/gems/1.9.1/gems/activesupport-3.2.13/lib/active_support/callbacks.rb:405:in `__run_callback'
	/Users/johnepperson/.rbenv/versions/1.9.3-p392/lib/ruby/gems/1.9.1/gems/activesupport-3.2.13/lib/active_support/callbacks.rb:385:in `_run_initialize_callbacks'
	/Users/johnepperson/.rbenv/versions/1.9.3-p392/lib/ruby/gems/1.9.1/gems/activesupport-3.2.13/lib/active_support/callbacks.rb:81:in `run_callbacks'
	/Users/johnepperson/.rbenv/versions/1.9.3-p392/lib/ruby/gems/1.9.1/gems/locomotivecms_mounter-1.2.0/lib/locomotive/mounter/fields.rb:23:in `initialize'
	/Users/johnepperson/.rbenv/versions/1.9.3-p392/lib/ruby/gems/1.9.1/gems/locomotivecms_mounter-1.2.0/lib/locomotive/mounter/models/base.rb:16:in `initialize'
	/Users/johnepperson/.rbenv/versions/1.9.3-p392/lib/ruby/gems/1.9.1/gems/locomotivecms_mounter-1.2.0/lib/locomotive/mounter/reader/file_system/content_types_reader.rb:53:in `new'
	/Users/johnepperson/.rbenv/versions/1.9.3-p392/lib/ruby/gems/1.9.1/gems/locomotivecms_mounter-1.2.0/lib/locomotive/mounter/reader/file_system/content_types_reader.rb:53:in `add'
	/Users/johnepperson/.rbenv/versions/1.9.3-p392/lib/ruby/gems/1.9.1/gems/locomotivecms_mounter-1.2.0/lib/locomotive/mounter/reader/file_system/content_types_reader.rb:24:in `block in fetch_from_filesystem'
	/Users/johnepperson/.rbenv/versions/1.9.3-p392/lib/ruby/gems/1.9.1/gems/locomotivecms_mounter-1.2.0/lib/locomotive/mounter/reader/file_system/content_types_reader.rb:21:in `each'
	/Users/johnepperson/.rbenv/versions/1.9.3-p392/lib/ruby/gems/1.9.1/gems/locomotivecms_mounter-1.2.0/lib/locomotive/mounter/reader/file_system/content_types_reader.rb:21:in `fetch_from_filesystem'
	/Users/johnepperson/.rbenv/versions/1.9.3-p392/lib/ruby/gems/1.9.1/gems/locomotivecms_mounter-1.2.0/lib/locomotive/mounter/reader/file_system/content_types_reader.rb:13:in `read'
	/Users/johnepperson/.rbenv/versions/1.9.3-p392/lib/ruby/gems/1.9.1/gems/locomotivecms_mounter-1.2.0/lib/locomotive/mounter/reader/runner.rb:76:in `block (2 levels) in build_mounting_point'
	/Users/johnepperson/.rbenv/versions/1.9.3-p392/lib/ruby/gems/1.9.1/gems/locomotivecms_mounter-1.2.0/lib/locomotive/mounter/reader/runner.rb:73:in `each'
	/Users/johnepperson/.rbenv/versions/1.9.3-p392/lib/ruby/gems/1.9.1/gems/locomotivecms_mounter-1.2.0/lib/locomotive/mounter/reader/runner.rb:73:in `block in build_mounting_point'
	/Users/johnepperson/.rbenv/versions/1.9.3-p392/lib/ruby/gems/1.9.1/gems/locomotivecms_mounter-1.2.0/lib/locomotive/mounter/reader/runner.rb:70:in `tap'
	/Users/johnepperson/.rbenv/versions/1.9.3-p392/lib/ruby/gems/1.9.1/gems/locomotivecms_mounter-1.2.0/lib/locomotive/mounter/reader/runner.rb:70:in `build_mounting_point'
	/Users/johnepperson/.rbenv/versions/1.9.3-p392/lib/ruby/gems/1.9.1/gems/locomotivecms_mounter-1.2.0/lib/locomotive/mounter/reader/runner.rb:29:in `run!'
	/Users/johnepperson/.rbenv/versions/1.9.3-p392/lib/ruby/gems/1.9.1/bundler/gems/wagon-9069492774c2/lib/locomotive/wagon.rb:161:in `require_mounter'
	/Users/johnepperson/.rbenv/versions/1.9.3-p392/lib/ruby/gems/1.9.1/bundler/gems/wagon-9069492774c2/lib/locomotive/wagon.rb:59:in `push'
	/Users/johnepperson/.rbenv/versions/1.9.3-p392/lib/ruby/gems/1.9.1/bundler/gems/wagon-9069492774c2/lib/locomotive/wagon/cli.rb:192:in `push'
	/Users/johnepperson/.rbenv/versions/1.9.3-p392/lib/ruby/gems/1.9.1/gems/thor-0.18.1/lib/thor/command.rb:27:in `run'
	/Users/johnepperson/.rbenv/versions/1.9.3-p392/lib/ruby/gems/1.9.1/gems/thor-0.18.1/lib/thor/invocation.rb:120:in `invoke_command'
	/Users/johnepperson/.rbenv/versions/1.9.3-p392/lib/ruby/gems/1.9.1/gems/thor-0.18.1/lib/thor.rb:363:in `dispatch'
	/Users/johnepperson/.rbenv/versions/1.9.3-p392/lib/ruby/gems/1.9.1/gems/thor-0.18.1/lib/thor/base.rb:439:in `start'
	/Users/johnepperson/.rbenv/versions/1.9.3-p392/lib/ruby/gems/1.9.1/bundler/gems/wagon-9069492774c2/bin/wagon:9:in `<top (required)>'
	/Users/johnepperson/.rbenv/versions/1.9.3-p392/lib/ruby/gems/1.9.1/bin/wagon:23:in `load'
	/Users/johnepperson/.rbenv/versions/1.9.3-p392/lib/ruby/gems/1.9.1/bin/wagon:23:in `<main>'


[Locomotive::Mounter::Models::ContentField] setting an unknown attribute 'unique' with the value 'true'
[Locomotive::Mounter::Models::ContentField] setting an unknown attribute 'unique' with the value 'true'
	/Users/johnepperson/.rbenv/versions/1.9.3-p392/lib/ruby/gems/1.9.1/gems/locomotivecms_mounter-1.2.0/lib/locomotive/mounter/fields.rb:52:in `block in write_attributes'
	/Users/johnepperson/.rbenv/versions/1.9.3-p392/lib/ruby/gems/1.9.1/gems/locomotivecms_mounter-1.2.0/lib/locomotive/mounter/fields.rb:49:in `each'
	/Users/johnepperson/.rbenv/versions/1.9.3-p392/lib/ruby/gems/1.9.1/gems/locomotivecms_mounter-1.2.0/lib/locomotive/mounter/fields.rb:49:in `write_attributes'
	/Users/johnepperson/.rbenv/versions/1.9.3-p392/lib/ruby/gems/1.9.1/gems/locomotivecms_mounter-1.2.0/lib/locomotive/mounter/fields.rb:36:in `block in initialize'
	/Users/johnepperson/.rbenv/versions/1.9.3-p392/lib/ruby/gems/1.9.1/gems/activesupport-3.2.13/lib/active_support/callbacks.rb:403:in `_run__3992764894066978426__initialize__1889908687317921371__callbacks'
	/Users/johnepperson/.rbenv/versions/1.9.3-p392/lib/ruby/gems/1.9.1/gems/activesupport-3.2.13/lib/active_support/callbacks.rb:405:in `__run_callback'
	/Users/johnepperson/.rbenv/versions/1.9.3-p392/lib/ruby/gems/1.9.1/gems/activesupport-3.2.13/lib/active_support/callbacks.rb:385:in `_run_initialize_callbacks'
	/Users/johnepperson/.rbenv/versions/1.9.3-p392/lib/ruby/gems/1.9.1/gems/activesupport-3.2.13/lib/active_support/callbacks.rb:81:in `run_callbacks'
	/Users/johnepperson/.rbenv/versions/1.9.3-p392/lib/ruby/gems/1.9.1/gems/locomotivecms_mounter-1.2.0/lib/locomotive/mounter/fields.rb:23:in `initialize'
	/Users/johnepperson/.rbenv/versions/1.9.3-p392/lib/ruby/gems/1.9.1/gems/locomotivecms_mounter-1.2.0/lib/locomotive/mounter/models/base.rb:16:in `initialize'
	/Users/johnepperson/.rbenv/versions/1.9.3-p392/lib/ruby/gems/1.9.1/gems/locomotivecms_mounter-1.2.0/lib/locomotive/mounter/fields.rb:192:in `new'
	/Users/johnepperson/.rbenv/versions/1.9.3-p392/lib/ruby/gems/1.9.1/gems/locomotivecms_mounter-1.2.0/lib/locomotive/mounter/fields.rb:192:in `block in setter'
	/Users/johnepperson/.rbenv/versions/1.9.3-p392/lib/ruby/gems/1.9.1/gems/locomotivecms_mounter-1.2.0/lib/locomotive/mounter/fields.rb:192:in `map'
	/Users/johnepperson/.rbenv/versions/1.9.3-p392/lib/ruby/gems/1.9.1/gems/locomotivecms_mounter-1.2.0/lib/locomotive/mounter/fields.rb:192:in `setter'
	(eval):6:in `fields='
	/Users/johnepperson/.rbenv/versions/1.9.3-p392/lib/ruby/gems/1.9.1/gems/locomotivecms_mounter-1.2.0/lib/locomotive/mounter/fields.rb:58:in `block in write_attributes'
	/Users/johnepperson/.rbenv/versions/1.9.3-p392/lib/ruby/gems/1.9.1/gems/locomotivecms_mounter-1.2.0/lib/locomotive/mounter/fields.rb:49:in `each'
	/Users/johnepperson/.rbenv/versions/1.9.3-p392/lib/ruby/gems/1.9.1/gems/locomotivecms_mounter-1.2.0/lib/locomotive/mounter/fields.rb:49:in `write_attributes'
	/Users/johnepperson/.rbenv/versions/1.9.3-p392/lib/ruby/gems/1.9.1/gems/locomotivecms_mounter-1.2.0/lib/locomotive/mounter/fields.rb:36:in `block in initialize'
	/Users/johnepperson/.rbenv/versions/1.9.3-p392/lib/ruby/gems/1.9.1/gems/activesupport-3.2.13/lib/active_support/callbacks.rb:403:in `_run__265414040691953930__initialize__1889908687317921371__callbacks'
	/Users/johnepperson/.rbenv/versions/1.9.3-p392/lib/ruby/gems/1.9.1/gems/activesupport-3.2.13/lib/active_support/callbacks.rb:405:in `__run_callback'
	/Users/johnepperson/.rbenv/versions/1.9.3-p392/lib/ruby/gems/1.9.1/gems/activesupport-3.2.13/lib/active_support/callbacks.rb:385:in `_run_initialize_callbacks'
	/Users/johnepperson/.rbenv/versions/1.9.3-p392/lib/ruby/gems/1.9.1/gems/activesupport-3.2.13/lib/active_support/callbacks.rb:81:in `run_callbacks'
	/Users/johnepperson/.rbenv/versions/1.9.3-p392/lib/ruby/gems/1.9.1/gems/locomotivecms_mounter-1.2.0/lib/locomotive/mounter/fields.rb:23:in `initialize'
	/Users/johnepperson/.rbenv/versions/1.9.3-p392/lib/ruby/gems/1.9.1/gems/locomotivecms_mounter-1.2.0/lib/locomotive/mounter/models/base.rb:16:in `initialize'
	/Users/johnepperson/.rbenv/versions/1.9.3-p392/lib/ruby/gems/1.9.1/gems/locomotivecms_mounter-1.2.0/lib/locomotive/mounter/reader/file_system/content_types_reader.rb:53:in `new'
	/Users/johnepperson/.rbenv/versions/1.9.3-p392/lib/ruby/gems/1.9.1/gems/locomotivecms_mounter-1.2.0/lib/locomotive/mounter/reader/file_system/content_types_reader.rb:53:in `add'
	/Users/johnepperson/.rbenv/versions/1.9.3-p392/lib/ruby/gems/1.9.1/gems/locomotivecms_mounter-1.2.0/lib/locomotive/mounter/reader/file_system/content_types_reader.rb:24:in `block in fetch_from_filesystem'
	/Users/johnepperson/.rbenv/versions/1.9.3-p392/lib/ruby/gems/1.9.1/gems/locomotivecms_mounter-1.2.0/lib/locomotive/mounter/reader/file_system/content_types_reader.rb:21:in `each'
	/Users/johnepperson/.rbenv/versions/1.9.3-p392/lib/ruby/gems/1.9.1/gems/locomotivecms_mounter-1.2.0/lib/locomotive/mounter/reader/file_system/content_types_reader.rb:21:in `fetch_from_filesystem'
	/Users/johnepperson/.rbenv/versions/1.9.3-p392/lib/ruby/gems/1.9.1/gems/locomotivecms_mounter-1.2.0/lib/locomotive/mounter/reader/file_system/content_types_reader.rb:13:in `read'
	/Users/johnepperson/.rbenv/versions/1.9.3-p392/lib/ruby/gems/1.9.1/gems/locomotivecms_mounter-1.2.0/lib/locomotive/mounter/reader/runner.rb:76:in `block (2 levels) in build_mounting_point'
	/Users/johnepperson/.rbenv/versions/1.9.3-p392/lib/ruby/gems/1.9.1/gems/locomotivecms_mounter-1.2.0/lib/locomotive/mounter/reader/runner.rb:73:in `each'
	/Users/johnepperson/.rbenv/versions/1.9.3-p392/lib/ruby/gems/1.9.1/gems/locomotivecms_mounter-1.2.0/lib/locomotive/mounter/reader/runner.rb:73:in `block in build_mounting_point'
	/Users/johnepperson/.rbenv/versions/1.9.3-p392/lib/ruby/gems/1.9.1/gems/locomotivecms_mounter-1.2.0/lib/locomotive/mounter/reader/runner.rb:70:in `tap'
	/Users/johnepperson/.rbenv/versions/1.9.3-p392/lib/ruby/gems/1.9.1/gems/locomotivecms_mounter-1.2.0/lib/locomotive/mounter/reader/runner.rb:70:in `build_mounting_point'
	/Users/johnepperson/.rbenv/versions/1.9.3-p392/lib/ruby/gems/1.9.1/gems/locomotivecms_mounter-1.2.0/lib/locomotive/mounter/reader/runner.rb:29:in `run!'
	/Users/johnepperson/.rbenv/versions/1.9.3-p392/lib/ruby/gems/1.9.1/bundler/gems/wagon-7f62434117ac/lib/locomotive/wagon.rb:161:in `require_mounter'
	/Users/johnepperson/.rbenv/versions/1.9.3-p392/lib/ruby/gems/1.9.1/bundler/gems/wagon-7f62434117ac/lib/locomotive/wagon.rb:59:in `push'
	/Users/johnepperson/.rbenv/versions/1.9.3-p392/lib/ruby/gems/1.9.1/bundler/gems/wagon-7f62434117ac/lib/locomotive/wagon/cli.rb:192:in `push'
	/Users/johnepperson/.rbenv/versions/1.9.3-p392/lib/ruby/gems/1.9.1/gems/thor-0.18.1/lib/thor/command.rb:27:in `run'
	/Users/johnepperson/.rbenv/versions/1.9.3-p392/lib/ruby/gems/1.9.1/gems/thor-0.18.1/lib/thor/invocation.rb:120:in `invoke_command'
	/Users/johnepperson/.rbenv/versions/1.9.3-p392/lib/ruby/gems/1.9.1/gems/thor-0.18.1/lib/thor.rb:363:in `dispatch'
	/Users/johnepperson/.rbenv/versions/1.9.3-p392/lib/ruby/gems/1.9.1/gems/thor-0.18.1/lib/thor/base.rb:439:in `start'
	/Users/johnepperson/.rbenv/versions/1.9.3-p392/lib/ruby/gems/1.9.1/bundler/gems/wagon-7f62434117ac/bin/wagon:9:in `<top (required)>'
	/Users/johnepperson/.rbenv/versions/1.9.3-p392/lib/ruby/gems/1.9.1/bin/wagon:23:in `load'
	/Users/johnepperson/.rbenv/versions/1.9.3-p392/lib/ruby/gems/1.9.1/bin/wagon:23:in `<main>'


invalid date
	/Users/johnepperson/Development/git_projects/dominate-gaming-subdomains/dominategaming/clean/ruby/1.9.1/bundler/gems/mounter-81ccdb3a7d54/lib/locomotive/mounter/models/content_entry.rb:121:in `parse'
	/Users/johnepperson/Development/git_projects/dominate-gaming-subdomains/dominategaming/clean/ruby/1.9.1/bundler/gems/mounter-81ccdb3a7d54/lib/locomotive/mounter/models/content_entry.rb:121:in `dynamic_getter'
	/Users/johnepperson/Development/git_projects/dominate-gaming-subdomains/dominategaming/clean/ruby/1.9.1/bundler/gems/mounter-81ccdb3a7d54/lib/locomotive/mounter/reader/file_system/content_assets_reader.rb:46:in `block (4 levels) in fetch_from_content_entries'
	/Users/johnepperson/Development/git_projects/dominate-gaming-subdomains/dominategaming/clean/ruby/1.9.1/bundler/gems/mounter-81ccdb3a7d54/lib/locomotive/mounter/reader/file_system/content_assets_reader.rb:45:in `each'
	/Users/johnepperson/Development/git_projects/dominate-gaming-subdomains/dominategaming/clean/ruby/1.9.1/bundler/gems/mounter-81ccdb3a7d54/lib/locomotive/mounter/reader/file_system/content_assets_reader.rb:45:in `block (3 levels) in fetch_from_content_entries'
	/Users/johnepperson/Development/git_projects/dominate-gaming-subdomains/dominategaming/clean/ruby/1.9.1/bundler/gems/mounter-81ccdb3a7d54/lib/locomotive/mounter.rb:91:in `with_locale'
	/Users/johnepperson/Development/git_projects/dominate-gaming-subdomains/dominategaming/clean/ruby/1.9.1/bundler/gems/mounter-81ccdb3a7d54/lib/locomotive/mounter/reader/file_system/content_assets_reader.rb:43:in `block (2 levels) in fetch_from_content_entries'
	/Users/johnepperson/Development/git_projects/dominate-gaming-subdomains/dominategaming/clean/ruby/1.9.1/bundler/gems/mounter-81ccdb3a7d54/lib/locomotive/mounter/reader/file_system/content_assets_reader.rb:42:in `each'
	/Users/johnepperson/Development/git_projects/dominate-gaming-subdomains/dominategaming/clean/ruby/1.9.1/bundler/gems/mounter-81ccdb3a7d54/lib/locomotive/mounter/reader/file_system/content_assets_reader.rb:42:in `block in fetch_from_content_entries'
	/Users/johnepperson/Development/git_projects/dominate-gaming-subdomains/dominategaming/clean/ruby/1.9.1/bundler/gems/mounter-81ccdb3a7d54/lib/locomotive/mounter/reader/file_system/content_assets_reader.rb:41:in `each'
	/Users/johnepperson/Development/git_projects/dominate-gaming-subdomains/dominategaming/clean/ruby/1.9.1/bundler/gems/mounter-81ccdb3a7d54/lib/locomotive/mounter/reader/file_system/content_assets_reader.rb:41:in `fetch_from_content_entries'
	/Users/johnepperson/Development/git_projects/dominate-gaming-subdomains/dominategaming/clean/ruby/1.9.1/bundler/gems/mounter-81ccdb3a7d54/lib/locomotive/mounter/reader/file_system/content_assets_reader.rb:17:in `read'
	/Users/johnepperson/Development/git_projects/dominate-gaming-subdomains/dominategaming/clean/ruby/1.9.1/bundler/gems/mounter-81ccdb3a7d54/lib/locomotive/mounter/reader/runner.rb:76:in `block (2 levels) in build_mounting_point'
	/Users/johnepperson/Development/git_projects/dominate-gaming-subdomains/dominategaming/clean/ruby/1.9.1/bundler/gems/mounter-81ccdb3a7d54/lib/locomotive/mounter/reader/runner.rb:73:in `each'
	/Users/johnepperson/Development/git_projects/dominate-gaming-subdomains/dominategaming/clean/ruby/1.9.1/bundler/gems/mounter-81ccdb3a7d54/lib/locomotive/mounter/reader/runner.rb:73:in `block in build_mounting_point'
	/Users/johnepperson/Development/git_projects/dominate-gaming-subdomains/dominategaming/clean/ruby/1.9.1/bundler/gems/mounter-81ccdb3a7d54/lib/locomotive/mounter/reader/runner.rb:70:in `tap'
	/Users/johnepperson/Development/git_projects/dominate-gaming-subdomains/dominategaming/clean/ruby/1.9.1/bundler/gems/mounter-81ccdb3a7d54/lib/locomotive/mounter/reader/runner.rb:70:in `build_mounting_point'
	/Users/johnepperson/Development/git_projects/dominate-gaming-subdomains/dominategaming/clean/ruby/1.9.1/bundler/gems/mounter-81ccdb3a7d54/lib/locomotive/mounter/reader/runner.rb:29:in `run!'
	/Users/johnepperson/Development/git_projects/dominate-gaming-subdomains/dominategaming/clean/ruby/1.9.1/gems/locomotivecms_wagon-1.2.0/lib/locomotive/wagon.rb:161:in `require_mounter'
	/Users/johnepperson/Development/git_projects/dominate-gaming-subdomains/dominategaming/clean/ruby/1.9.1/gems/locomotivecms_wagon-1.2.0/lib/locomotive/wagon.rb:59:in `push'
	/Users/johnepperson/Development/git_projects/dominate-gaming-subdomains/dominategaming/clean/ruby/1.9.1/gems/locomotivecms_wagon-1.2.0/lib/locomotive/wagon/cli.rb:192:in `push'
	/Users/johnepperson/Development/git_projects/dominate-gaming-subdomains/dominategaming/clean/ruby/1.9.1/gems/thor-0.18.1/lib/thor/command.rb:27:in `run'
	/Users/johnepperson/Development/git_projects/dominate-gaming-subdomains/dominategaming/clean/ruby/1.9.1/gems/thor-0.18.1/lib/thor/invocation.rb:120:in `invoke_command'
	/Users/johnepperson/Development/git_projects/dominate-gaming-subdomains/dominategaming/clean/ruby/1.9.1/gems/thor-0.18.1/lib/thor.rb:363:in `dispatch'
	/Users/johnepperson/Development/git_projects/dominate-gaming-subdomains/dominategaming/clean/ruby/1.9.1/gems/thor-0.18.1/lib/thor/base.rb:439:in `start'
	/Users/johnepperson/Development/git_projects/dominate-gaming-subdomains/dominategaming/clean/ruby/1.9.1/gems/locomotivecms_wagon-1.2.0/bin/wagon:9:in `<top (required)>'
	/Users/johnepperson/Development/git_projects/dominate-gaming-subdomains/dominategaming/clean/ruby/1.9.1/bin/wagon:23:in `load'
	/Users/johnepperson/Development/git_projects/dominate-gaming-subdomains/dominategaming/clean/ruby/1.9.1/bin/wagon:23:in `<main>'


invalid date
	/Users/johnepperson/Development/git_projects/dominate-gaming-subdomains/dominategaming/clean/ruby/1.9.1/bundler/gems/mounter-81ccdb3a7d54/lib/locomotive/mounter/models/content_entry.rb:121:in `parse'
	/Users/johnepperson/Development/git_projects/dominate-gaming-subdomains/dominategaming/clean/ruby/1.9.1/bundler/gems/mounter-81ccdb3a7d54/lib/locomotive/mounter/models/content_entry.rb:121:in `dynamic_getter'
	/Users/johnepperson/Development/git_projects/dominate-gaming-subdomains/dominategaming/clean/ruby/1.9.1/bundler/gems/mounter-81ccdb3a7d54/lib/locomotive/mounter/reader/file_system/content_assets_reader.rb:46:in `block (4 levels) in fetch_from_content_entries'
	/Users/johnepperson/Development/git_projects/dominate-gaming-subdomains/dominategaming/clean/ruby/1.9.1/bundler/gems/mounter-81ccdb3a7d54/lib/locomotive/mounter/reader/file_system/content_assets_reader.rb:45:in `each'
	/Users/johnepperson/Development/git_projects/dominate-gaming-subdomains/dominategaming/clean/ruby/1.9.1/bundler/gems/mounter-81ccdb3a7d54/lib/locomotive/mounter/reader/file_system/content_assets_reader.rb:45:in `block (3 levels) in fetch_from_content_entries'
	/Users/johnepperson/Development/git_projects/dominate-gaming-subdomains/dominategaming/clean/ruby/1.9.1/bundler/gems/mounter-81ccdb3a7d54/lib/locomotive/mounter.rb:91:in `with_locale'
	/Users/johnepperson/Development/git_projects/dominate-gaming-subdomains/dominategaming/clean/ruby/1.9.1/bundler/gems/mounter-81ccdb3a7d54/lib/locomotive/mounter/reader/file_system/content_assets_reader.rb:43:in `block (2 levels) in fetch_from_content_entries'
	/Users/johnepperson/Development/git_projects/dominate-gaming-subdomains/dominategaming/clean/ruby/1.9.1/bundler/gems/mounter-81ccdb3a7d54/lib/locomotive/mounter/reader/file_system/content_assets_reader.rb:42:in `each'
	/Users/johnepperson/Development/git_projects/dominate-gaming-subdomains/dominategaming/clean/ruby/1.9.1/bundler/gems/mounter-81ccdb3a7d54/lib/locomotive/mounter/reader/file_system/content_assets_reader.rb:42:in `block in fetch_from_content_entries'
	/Users/johnepperson/Development/git_projects/dominate-gaming-subdomains/dominategaming/clean/ruby/1.9.1/bundler/gems/mounter-81ccdb3a7d54/lib/locomotive/mounter/reader/file_system/content_assets_reader.rb:41:in `each'
	/Users/johnepperson/Development/git_projects/dominate-gaming-subdomains/dominategaming/clean/ruby/1.9.1/bundler/gems/mounter-81ccdb3a7d54/lib/locomotive/mounter/reader/file_system/content_assets_reader.rb:41:in `fetch_from_content_entries'
	/Users/johnepperson/Development/git_projects/dominate-gaming-subdomains/dominategaming/clean/ruby/1.9.1/bundler/gems/mounter-81ccdb3a7d54/lib/locomotive/mounter/reader/file_system/content_assets_reader.rb:17:in `read'
	/Users/johnepperson/Development/git_projects/dominate-gaming-subdomains/dominategaming/clean/ruby/1.9.1/bundler/gems/mounter-81ccdb3a7d54/lib/locomotive/mounter/reader/runner.rb:76:in `block (2 levels) in build_mounting_point'
	/Users/johnepperson/Development/git_projects/dominate-gaming-subdomains/dominategaming/clean/ruby/1.9.1/bundler/gems/mounter-81ccdb3a7d54/lib/locomotive/mounter/reader/runner.rb:73:in `each'
	/Users/johnepperson/Development/git_projects/dominate-gaming-subdomains/dominategaming/clean/ruby/1.9.1/bundler/gems/mounter-81ccdb3a7d54/lib/locomotive/mounter/reader/runner.rb:73:in `block in build_mounting_point'
	/Users/johnepperson/Development/git_projects/dominate-gaming-subdomains/dominategaming/clean/ruby/1.9.1/bundler/gems/mounter-81ccdb3a7d54/lib/locomotive/mounter/reader/runner.rb:70:in `tap'
	/Users/johnepperson/Development/git_projects/dominate-gaming-subdomains/dominategaming/clean/ruby/1.9.1/bundler/gems/mounter-81ccdb3a7d54/lib/locomotive/mounter/reader/runner.rb:70:in `build_mounting_point'
	/Users/johnepperson/Development/git_projects/dominate-gaming-subdomains/dominategaming/clean/ruby/1.9.1/bundler/gems/mounter-81ccdb3a7d54/lib/locomotive/mounter/reader/runner.rb:29:in `run!'
	/Users/johnepperson/Development/git_projects/dominate-gaming-subdomains/dominategaming/clean/ruby/1.9.1/gems/locomotivecms_wagon-1.2.0/lib/locomotive/wagon.rb:161:in `require_mounter'
	/Users/johnepperson/Development/git_projects/dominate-gaming-subdomains/dominategaming/clean/ruby/1.9.1/gems/locomotivecms_wagon-1.2.0/lib/locomotive/wagon.rb:59:in `push'
	/Users/johnepperson/Development/git_projects/dominate-gaming-subdomains/dominategaming/clean/ruby/1.9.1/gems/locomotivecms_wagon-1.2.0/lib/locomotive/wagon/cli.rb:192:in `push'
	/Users/johnepperson/Development/git_projects/dominate-gaming-subdomains/dominategaming/clean/ruby/1.9.1/gems/thor-0.18.1/lib/thor/command.rb:27:in `run'
	/Users/johnepperson/Development/git_projects/dominate-gaming-subdomains/dominategaming/clean/ruby/1.9.1/gems/thor-0.18.1/lib/thor/invocation.rb:120:in `invoke_command'
	/Users/johnepperson/Development/git_projects/dominate-gaming-subdomains/dominategaming/clean/ruby/1.9.1/gems/thor-0.18.1/lib/thor.rb:363:in `dispatch'
	/Users/johnepperson/Development/git_projects/dominate-gaming-subdomains/dominategaming/clean/ruby/1.9.1/gems/thor-0.18.1/lib/thor/base.rb:439:in `start'
	/Users/johnepperson/Development/git_projects/dominate-gaming-subdomains/dominategaming/clean/ruby/1.9.1/gems/locomotivecms_wagon-1.2.0/bin/wagon:9:in `<top (required)>'
	/Users/johnepperson/Development/git_projects/dominate-gaming-subdomains/dominategaming/clean/ruby/1.9.1/bin/wagon:23:in `load'
	/Users/johnepperson/Development/git_projects/dominate-gaming-subdomains/dominategaming/clean/ruby/1.9.1/bin/wagon:23:in `<main>'


[0;31;49m      template => can't be blank
[0m
